gcc -o build/omp_psrs -fopenmp psrs/omp_psrs.c --std=c11 -lm
parallel tasks 4 cores
1000000, 1, 1, 0.175027
1000000, 1, 1, 0.173868
1000000, 1, 1, 0.195339
1000000, 1, 1, 0.187354
1000000, 1, 1, 0.175995
1000000, 1, 1, 0.178137
1000000, 1, 1, 0.173529
1000000, 1, 1, 0.176498
1000000, 1, 1, 0.178705
1000000, 1, 1, 0.183926
1000000, 1, 1, 0.185697
1000000, 1, 1, 0.190261
1000000, 1, 1, 0.177741
1000000, 1, 1, 0.172847
1000000, 1, 1, 0.180000
1000000, 1, 1, 0.181168
1000000, 1, 1, 0.173099
1000000, 1, 1, 0.180441
1000000, 1, 1, 0.177075
1000000, 1, 1, 0.172169
2000000, 1, 1, 0.375093
2000000, 1, 1, 0.378929
2000000, 1, 1, 0.382120
2000000, 1, 1, 0.366317
2000000, 1, 1, 0.377148
2000000, 1, 1, 0.356943
2000000, 1, 1, 0.356918
2000000, 1, 1, 0.352439
2000000, 1, 1, 0.364124
2000000, 1, 1, 0.363460
2000000, 1, 1, 0.361370
2000000, 1, 1, 0.357782
2000000, 1, 1, 0.373107
2000000, 1, 1, 0.370174
2000000, 1, 1, 0.355163
2000000, 1, 1, 0.363261
2000000, 1, 1, 0.369150
2000000, 1, 1, 0.366330
2000000, 1, 1, 0.358104
2000000, 1, 1, 0.378535
3000000, 1, 1, 0.553287
3000000, 1, 1, 0.543581
3000000, 1, 1, 0.569901
3000000, 1, 1, 0.554548
3000000, 1, 1, 0.555804
3000000, 1, 1, 0.553223
3000000, 1, 1, 0.558824
3000000, 1, 1, 0.555698
3000000, 1, 1, 0.551353
3000000, 1, 1, 0.553351
3000000, 1, 1, 0.537438
3000000, 1, 1, 0.551694
3000000, 1, 1, 0.544595
3000000, 1, 1, 0.560506
3000000, 1, 1, 0.549656
3000000, 1, 1, 0.547837
3000000, 1, 1, 0.540010
3000000, 1, 1, 0.549110
3000000, 1, 1, 0.539652
3000000, 1, 1, 0.551781
4000000, 1, 1, 0.750341
4000000, 1, 1, 0.751983
4000000, 1, 1, 0.742917
4000000, 1, 1, 0.749519
4000000, 1, 1, 0.747987
4000000, 1, 1, 0.749460
4000000, 1, 1, 0.758162
4000000, 1, 1, 0.744224
4000000, 1, 1, 0.760153
4000000, 1, 1, 0.749331
4000000, 1, 1, 0.753698
4000000, 1, 1, 0.763592
4000000, 1, 1, 0.762985
4000000, 1, 1, 0.755981
4000000, 1, 1, 0.758325
4000000, 1, 1, 0.758670
4000000, 1, 1, 0.766030
4000000, 1, 1, 0.761922
4000000, 1, 1, 0.766236
4000000, 1, 1, 0.759189
5000000, 1, 1, 0.945197
5000000, 1, 1, 0.923405
5000000, 1, 1, 0.916882
5000000, 1, 1, 0.960462
5000000, 1, 1, 0.928112
5000000, 1, 1, 0.912402
5000000, 1, 1, 0.954075
5000000, 1, 1, 0.913146
5000000, 1, 1, 0.928393
5000000, 1, 1, 0.910691
5000000, 1, 1, 0.929887
5000000, 1, 1, 0.931853
5000000, 1, 1, 0.918963
5000000, 1, 1, 0.910108
5000000, 1, 1, 0.903753
5000000, 1, 1, 0.907911
5000000, 1, 1, 0.926220
5000000, 1, 1, 0.912609
5000000, 1, 1, 0.924398
5000000, 1, 1, 0.933178
6000000, 1, 1, 1.156032
6000000, 1, 1, 1.142224
6000000, 1, 1, 1.123260
6000000, 1, 1, 1.147961
6000000, 1, 1, 1.116698
6000000, 1, 1, 1.119391
6000000, 1, 1, 1.155980
6000000, 1, 1, 1.140216
6000000, 1, 1, 1.141515
6000000, 1, 1, 1.121195
6000000, 1, 1, 1.151859
6000000, 1, 1, 1.159246
6000000, 1, 1, 1.148568
6000000, 1, 1, 1.142388
6000000, 1, 1, 1.114536
6000000, 1, 1, 1.148672
6000000, 1, 1, 1.122246
6000000, 1, 1, 1.136708
6000000, 1, 1, 1.146059
6000000, 1, 1, 1.155765
7000000, 1, 1, 1.351986
7000000, 1, 1, 1.341411
7000000, 1, 1, 1.331721
7000000, 1, 1, 1.344465
7000000, 1, 1, 1.369418
7000000, 1, 1, 1.391378
7000000, 1, 1, 1.336099
7000000, 1, 1, 1.409051
7000000, 1, 1, 1.336448
7000000, 1, 1, 1.326352
7000000, 1, 1, 1.382788
7000000, 1, 1, 1.329589
7000000, 1, 1, 1.345519
7000000, 1, 1, 1.312957
7000000, 1, 1, 1.323226
7000000, 1, 1, 1.336902
7000000, 1, 1, 1.326888
7000000, 1, 1, 1.341102
7000000, 1, 1, 1.335542
7000000, 1, 1, 1.334553
8000000, 1, 1, 1.527380
8000000, 1, 1, 1.596954
8000000, 1, 1, 1.525965
8000000, 1, 1, 1.550988
8000000, 1, 1, 1.590542
8000000, 1, 1, 1.532196
8000000, 1, 1, 1.535817
8000000, 1, 1, 1.539461
8000000, 1, 1, 1.548659
8000000, 1, 1, 1.550063
8000000, 1, 1, 1.559662
8000000, 1, 1, 1.521421
8000000, 1, 1, 1.537279
8000000, 1, 1, 1.558406
8000000, 1, 1, 1.543523
8000000, 1, 1, 1.518054
8000000, 1, 1, 1.537390
8000000, 1, 1, 1.575090
8000000, 1, 1, 1.541817
8000000, 1, 1, 1.633636
9000000, 1, 1, 1.727191
9000000, 1, 1, 1.739595
9000000, 1, 1, 1.681014
9000000, 1, 1, 1.670979
9000000, 1, 1, 1.715997
9000000, 1, 1, 1.695964
9000000, 1, 1, 1.697149
9000000, 1, 1, 1.668430
9000000, 1, 1, 1.704994
9000000, 1, 1, 1.688559
9000000, 1, 1, 1.695850
9000000, 1, 1, 1.679079
9000000, 1, 1, 1.708275
9000000, 1, 1, 1.689702
9000000, 1, 1, 1.671243
9000000, 1, 1, 1.682497
9000000, 1, 1, 1.694957
9000000, 1, 1, 1.672230
9000000, 1, 1, 1.727265
9000000, 1, 1, 1.660956
10000000, 1, 1, 1.922947
10000000, 1, 1, 1.912838
10000000, 1, 1, 1.912147
10000000, 1, 1, 1.910042
10000000, 1, 1, 2.027892
10000000, 1, 1, 1.952985
10000000, 1, 1, 1.987074
10000000, 1, 1, 1.996752
10000000, 1, 1, 1.917300
10000000, 1, 1, 1.957838
10000000, 1, 1, 1.929839
10000000, 1, 1, 1.900749
10000000, 1, 1, 1.895690
10000000, 1, 1, 1.920615
10000000, 1, 1, 1.903728
10000000, 1, 1, 1.926807
10000000, 1, 1, 1.898300
10000000, 1, 1, 1.903516
10000000, 1, 1, 1.912874
10000000, 1, 1, 1.938094
1000, 1, 1, 0.000402
1000, 1, 1, 0.000319
1000, 1, 1, 0.000317
1000, 1, 1, 0.000339
1000, 1, 1, 0.000357
1000, 1, 1, 0.000315
1000, 1, 1, 0.000315
1000, 1, 1, 0.000314
1000, 1, 1, 0.000333
1000, 1, 1, 0.000335
1000, 1, 1, 0.000319
1000, 1, 1, 0.000342
1000, 1, 1, 0.000320
1000, 1, 1, 0.000317
1000, 1, 1, 0.000319
1000, 1, 1, 0.000332
1000, 1, 1, 0.000323
1000, 1, 1, 0.000336
1000, 1, 1, 0.000319
1000, 1, 1, 0.000332
10000, 1, 1, 0.003806
10000, 1, 1, 0.003830
10000, 1, 1, 0.003870
10000, 1, 1, 0.004364
10000, 1, 1, 0.004369
10000, 1, 1, 0.004396
10000, 1, 1, 0.004266
10000, 1, 1, 0.004345
10000, 1, 1, 0.004407
10000, 1, 1, 0.004338
10000, 1, 1, 0.004423
10000, 1, 1, 0.004350
10000, 1, 1, 0.004380
10000, 1, 1, 0.004391
10000, 1, 1, 0.004351
10000, 1, 1, 0.004315
10000, 1, 1, 0.004393
10000, 1, 1, 0.004399
10000, 1, 1, 0.004343
10000, 1, 1, 0.004397
100000, 1, 1, 0.022895
100000, 1, 1, 0.018241
100000, 1, 1, 0.020416
100000, 1, 1, 0.023760
100000, 1, 1, 0.020192
100000, 1, 1, 0.018193
100000, 1, 1, 0.020818
100000, 1, 1, 0.017520
100000, 1, 1, 0.017743
100000, 1, 1, 0.016668
100000, 1, 1, 0.016317
100000, 1, 1, 0.021443
100000, 1, 1, 0.026725
100000, 1, 1, 0.039044
100000, 1, 1, 0.017529
100000, 1, 1, 0.016604
100000, 1, 1, 0.016762
100000, 1, 1, 0.018721
100000, 1, 1, 0.016431
100000, 1, 1, 0.024394
1000000, 1, 1, 0.175532
1000000, 1, 1, 0.172128
1000000, 1, 1, 0.170826
1000000, 1, 1, 0.173101
1000000, 1, 1, 0.169285
1000000, 1, 1, 0.169142
1000000, 1, 1, 0.169600
1000000, 1, 1, 0.169418
1000000, 1, 1, 0.177955
1000000, 1, 1, 0.188212
1000000, 1, 1, 0.173443
1000000, 1, 1, 0.186133
1000000, 1, 1, 0.173941
1000000, 1, 1, 0.173532
1000000, 1, 1, 0.181866
1000000, 1, 1, 0.175871
1000000, 1, 1, 0.172549
1000000, 1, 1, 0.183289
1000000, 1, 1, 0.172962
1000000, 1, 1, 0.203511
10000000, 1, 1, 1.944951
10000000, 1, 1, 1.927526
10000000, 1, 1, 1.908782
10000000, 1, 1, 1.935969
10000000, 1, 1, 1.901967
10000000, 1, 1, 1.908027
10000000, 1, 1, 1.908316
10000000, 1, 1, 1.937681
10000000, 1, 1, 1.910938
10000000, 1, 1, 1.900292
10000000, 1, 1, 1.923978
10000000, 1, 1, 1.920538
10000000, 1, 1, 1.963654
10000000, 1, 1, 1.882677
10000000, 1, 1, 1.894346
10000000, 1, 1, 1.899463
10000000, 1, 1, 1.979389
10000000, 1, 1, 1.902847
10000000, 1, 1, 1.926656
10000000, 1, 1, 1.944782
100000000, 1, 1, 22.032078
100000000, 1, 1, 22.051502
100000000, 1, 1, 22.091585
100000000, 1, 1, 22.054756
100000000, 1, 1, 22.242650
100000000, 1, 1, 21.826167
100000000, 1, 1, 22.803420
100000000, 1, 1, 22.834019
100000000, 1, 1, 22.013633
100000000, 1, 1, 21.848752
100000000, 1, 1, 21.810944
100000000, 1, 1, 21.654853
