mpicc -o build/mpi_qs qs/mpi_sort.c --std=c11
2 cores 2 nodes
vsetenv PMIX_SERVER_TMPDIR failed
vsetenv PMIX_SERVER_TMPDIR failed
1000000, 2, 1 0.887124
vsetenv PMIX_SERVER_TMPDIR failed
vsetenv PMIX_SERVER_TMPDIR failed
1000000, 2, 1 0.926540
vsetenv PMIX_SERVER_TMPDIR failed
vsetenv PMIX_SERVER_TMPDIR failed
1000000, 2, 1 0.926754
vsetenv PMIX_SERVER_TMPDIR failed
vsetenv PMIX_SERVER_TMPDIR failed
1000000, 2, 1 0.907760
vsetenv PMIX_SERVER_TMPDIR failed
vsetenv PMIX_SERVER_TMPDIR failed
1000000, 2, 1 0.911394
vsetenv PMIX_SERVER_TMPDIR failed
vsetenv PMIX_SERVER_TMPDIR failed
1000000, 2, 1 0.965396
vsetenv PMIX_SERVER_TMPDIR failed
vsetenv PMIX_SERVER_TMPDIR failed
1000000, 2, 1 0.939397
vsetenv PMIX_SERVER_TMPDIR failed
vsetenv PMIX_SERVER_TMPDIR failed
1000000, 2, 1 0.900619
vsetenv PMIX_SERVER_TMPDIR failed
vsetenv PMIX_SERVER_TMPDIR failed
1000000, 2, 1 1.097595
vsetenv PMIX_SERVER_TMPDIR failed
vsetenv PMIX_SERVER_TMPDIR failed
1000000, 2, 1 0.944887
vsetenv PMIX_SERVER_TMPDIR failed
vsetenv PMIX_SERVER_TMPDIR failed
1000000, 2, 1 0.947324
vsetenv PMIX_SERVER_TMPDIR failed
vsetenv PMIX_SERVER_TMPDIR failed
1000000, 2, 1 0.925968
vsetenv PMIX_SERVER_TMPDIR failed
vsetenv PMIX_SERVER_TMPDIR failed
1000000, 2, 1 0.932557
vsetenv PMIX_SERVER_TMPDIR failed
vsetenv PMIX_SERVER_TMPDIR failed
1000000, 2, 1 0.926079
vsetenv PMIX_SERVER_TMPDIR failed
vsetenv PMIX_SERVER_TMPDIR failed
1000000, 2, 1 0.892195
vsetenv PMIX_SERVER_TMPDIR failed
vsetenv PMIX_SERVER_TMPDIR failed
1000000, 2, 1 0.935154
vsetenv PMIX_SERVER_TMPDIR failed
vsetenv PMIX_SERVER_TMPDIR failed
1000000, 2, 1 0.921179
vsetenv PMIX_SERVER_TMPDIR failed
vsetenv PMIX_SERVER_TMPDIR failed
1000000, 2, 1 0.903866
vsetenv PMIX_SERVER_TMPDIR failed
vsetenv PMIX_SERVER_TMPDIR failed
1000000, 2, 1 0.922114
vsetenv PMIX_SERVER_TMPDIR failed
vsetenv PMIX_SERVER_TMPDIR failed
1000000, 2, 1 0.935231
vsetenv PMIX_SERVER_TMPDIR failed
vsetenv PMIX_SERVER_TMPDIR failed
2000000, 2, 1 1.785814
vsetenv PMIX_SERVER_TMPDIR failed
vsetenv PMIX_SERVER_TMPDIR failed
2000000, 2, 1 1.729979
vsetenv PMIX_SERVER_TMPDIR failed
vsetenv PMIX_SERVER_TMPDIR failed
2000000, 2, 1 1.716583
vsetenv PMIX_SERVER_TMPDIR failed
vsetenv PMIX_SERVER_TMPDIR failed
2000000, 2, 1 1.736294
vsetenv PMIX_SERVER_TMPDIR failed
vsetenv PMIX_SERVER_TMPDIR failed
2000000, 2, 1 1.707299
vsetenv PMIX_SERVER_TMPDIR failed
vsetenv PMIX_SERVER_TMPDIR failed
2000000, 2, 1 1.697892
vsetenv PMIX_SERVER_TMPDIR failed
vsetenv PMIX_SERVER_TMPDIR failed
2000000, 2, 1 1.794292
vsetenv PMIX_SERVER_TMPDIR failed
vsetenv PMIX_SERVER_TMPDIR failed
2000000, 2, 1 1.765597
vsetenv PMIX_SERVER_TMPDIR failed
vsetenv PMIX_SERVER_TMPDIR failed
2000000, 2, 1 1.732574
vsetenv PMIX_SERVER_TMPDIR failed
vsetenv PMIX_SERVER_TMPDIR failed
2000000, 2, 1 1.733840
vsetenv PMIX_SERVER_TMPDIR failed
vsetenv PMIX_SERVER_TMPDIR failed
2000000, 2, 1 1.732026
vsetenv PMIX_SERVER_TMPDIR failed
vsetenv PMIX_SERVER_TMPDIR failed
2000000, 2, 1 1.760037
vsetenv PMIX_SERVER_TMPDIR failed
vsetenv PMIX_SERVER_TMPDIR failed
2000000, 2, 1 1.997678
vsetenv PMIX_SERVER_TMPDIR failed
vsetenv PMIX_SERVER_TMPDIR failed
2000000, 2, 1 1.735042
vsetenv PMIX_SERVER_TMPDIR failed
vsetenv PMIX_SERVER_TMPDIR failed
2000000, 2, 1 1.743925
vsetenv PMIX_SERVER_TMPDIR failed
vsetenv PMIX_SERVER_TMPDIR failed
2000000, 2, 1 1.757465
vsetenv PMIX_SERVER_TMPDIR failed
vsetenv PMIX_SERVER_TMPDIR failed
2000000, 2, 1 1.773394
vsetenv PMIX_SERVER_TMPDIR failed
vsetenv PMIX_SERVER_TMPDIR failed
2000000, 2, 1 1.785008
vsetenv PMIX_SERVER_TMPDIR failed
vsetenv PMIX_SERVER_TMPDIR failed
2000000, 2, 1 1.751329
vsetenv PMIX_SERVER_TMPDIR failed
vsetenv PMIX_SERVER_TMPDIR failed
2000000, 2, 1 1.783656
vsetenv PMIX_SERVER_TMPDIR failed
vsetenv PMIX_SERVER_TMPDIR failed
3000000, 2, 1 2.586075
vsetenv PMIX_SERVER_TMPDIR failed
vsetenv PMIX_SERVER_TMPDIR failed
3000000, 2, 1 2.538829
vsetenv PMIX_SERVER_TMPDIR failed
vsetenv PMIX_SERVER_TMPDIR failed
3000000, 2, 1 2.510884
vsetenv PMIX_SERVER_TMPDIR failed
vsetenv PMIX_SERVER_TMPDIR failed
3000000, 2, 1 2.601227
vsetenv PMIX_SERVER_TMPDIR failed
vsetenv PMIX_SERVER_TMPDIR failed
3000000, 2, 1 2.631852
vsetenv PMIX_SERVER_TMPDIR failed
vsetenv PMIX_SERVER_TMPDIR failed
3000000, 2, 1 2.621062
vsetenv PMIX_SERVER_TMPDIR failed
vsetenv PMIX_SERVER_TMPDIR failed
3000000, 2, 1 2.630735
vsetenv PMIX_SERVER_TMPDIR failed
vsetenv PMIX_SERVER_TMPDIR failed
3000000, 2, 1 2.594974
vsetenv PMIX_SERVER_TMPDIR failed
vsetenv PMIX_SERVER_TMPDIR failed
3000000, 2, 1 2.601449
vsetenv PMIX_SERVER_TMPDIR failed
vsetenv PMIX_SERVER_TMPDIR failed
3000000, 2, 1 2.571825
vsetenv PMIX_SERVER_TMPDIR failed
vsetenv PMIX_SERVER_TMPDIR failed
3000000, 2, 1 2.562404
vsetenv PMIX_SERVER_TMPDIR failed
vsetenv PMIX_SERVER_TMPDIR failed
3000000, 2, 1 2.674381
vsetenv PMIX_SERVER_TMPDIR failed
vsetenv PMIX_SERVER_TMPDIR failed
3000000, 2, 1 2.622732
vsetenv PMIX_SERVER_TMPDIR failed
vsetenv PMIX_SERVER_TMPDIR failed
3000000, 2, 1 2.965281
vsetenv PMIX_SERVER_TMPDIR failed
vsetenv PMIX_SERVER_TMPDIR failed
3000000, 2, 1 2.659129
vsetenv PMIX_SERVER_TMPDIR failed
vsetenv PMIX_SERVER_TMPDIR failed
3000000, 2, 1 2.663351
vsetenv PMIX_SERVER_TMPDIR failed
vsetenv PMIX_SERVER_TMPDIR failed
3000000, 2, 1 2.680699
vsetenv PMIX_SERVER_TMPDIR failed
vsetenv PMIX_SERVER_TMPDIR failed
3000000, 2, 1 2.617072
vsetenv PMIX_SERVER_TMPDIR failed
vsetenv PMIX_SERVER_TMPDIR failed
3000000, 2, 1 2.601419
vsetenv PMIX_SERVER_TMPDIR failed
vsetenv PMIX_SERVER_TMPDIR failed
3000000, 2, 1 2.620281
vsetenv PMIX_SERVER_TMPDIR failed
vsetenv PMIX_SERVER_TMPDIR failed
4000000, 2, 1 3.581140
vsetenv PMIX_SERVER_TMPDIR failed
vsetenv PMIX_SERVER_TMPDIR failed
4000000, 2, 1 3.575797
vsetenv PMIX_SERVER_TMPDIR failed
vsetenv PMIX_SERVER_TMPDIR failed
4000000, 2, 1 3.564489
vsetenv PMIX_SERVER_TMPDIR failed
vsetenv PMIX_SERVER_TMPDIR failed
4000000, 2, 1 3.539053
vsetenv PMIX_SERVER_TMPDIR failed
vsetenv PMIX_SERVER_TMPDIR failed
4000000, 2, 1 3.553112
vsetenv PMIX_SERVER_TMPDIR failed
vsetenv PMIX_SERVER_TMPDIR failed
4000000, 2, 1 3.556186
vsetenv PMIX_SERVER_TMPDIR failed
vsetenv PMIX_SERVER_TMPDIR failed
4000000, 2, 1 3.526122
vsetenv PMIX_SERVER_TMPDIR failed
vsetenv PMIX_SERVER_TMPDIR failed
4000000, 2, 1 3.494442
vsetenv PMIX_SERVER_TMPDIR failed
vsetenv PMIX_SERVER_TMPDIR failed
4000000, 2, 1 3.594503
vsetenv PMIX_SERVER_TMPDIR failed
vsetenv PMIX_SERVER_TMPDIR failed
4000000, 2, 1 3.545175
vsetenv PMIX_SERVER_TMPDIR failed
vsetenv PMIX_SERVER_TMPDIR failed
4000000, 2, 1 3.577887
vsetenv PMIX_SERVER_TMPDIR failed
vsetenv PMIX_SERVER_TMPDIR failed
4000000, 2, 1 3.562193
vsetenv PMIX_SERVER_TMPDIR failed
vsetenv PMIX_SERVER_TMPDIR failed
4000000, 2, 1 3.594028
vsetenv PMIX_SERVER_TMPDIR failed
vsetenv PMIX_SERVER_TMPDIR failed
4000000, 2, 1 3.535621
vsetenv PMIX_SERVER_TMPDIR failed
vsetenv PMIX_SERVER_TMPDIR failed
4000000, 2, 1 3.564791
vsetenv PMIX_SERVER_TMPDIR failed
vsetenv PMIX_SERVER_TMPDIR failed
4000000, 2, 1 3.453545
vsetenv PMIX_SERVER_TMPDIR failed
vsetenv PMIX_SERVER_TMPDIR failed
4000000, 2, 1 3.512814
vsetenv PMIX_SERVER_TMPDIR failed
vsetenv PMIX_SERVER_TMPDIR failed
4000000, 2, 1 3.557376
vsetenv PMIX_SERVER_TMPDIR failed
vsetenv PMIX_SERVER_TMPDIR failed
4000000, 2, 1 3.555750
vsetenv PMIX_SERVER_TMPDIR failed
vsetenv PMIX_SERVER_TMPDIR failed
4000000, 2, 1 3.556083
vsetenv PMIX_SERVER_TMPDIR failed
vsetenv PMIX_SERVER_TMPDIR failed
5000000, 2, 1 4.487825
vsetenv PMIX_SERVER_TMPDIR failed
vsetenv PMIX_SERVER_TMPDIR failed
5000000, 2, 1 4.438545
vsetenv PMIX_SERVER_TMPDIR failed
vsetenv PMIX_SERVER_TMPDIR failed
5000000, 2, 1 4.447139
vsetenv PMIX_SERVER_TMPDIR failed
vsetenv PMIX_SERVER_TMPDIR failed
5000000, 2, 1 4.459277
vsetenv PMIX_SERVER_TMPDIR failed
vsetenv PMIX_SERVER_TMPDIR failed
5000000, 2, 1 4.344295
vsetenv PMIX_SERVER_TMPDIR failed
vsetenv PMIX_SERVER_TMPDIR failed
5000000, 2, 1 4.382184
vsetenv PMIX_SERVER_TMPDIR failed
vsetenv PMIX_SERVER_TMPDIR failed
5000000, 2, 1 4.457773
vsetenv PMIX_SERVER_TMPDIR failed
vsetenv PMIX_SERVER_TMPDIR failed
5000000, 2, 1 4.466533
vsetenv PMIX_SERVER_TMPDIR failed
vsetenv PMIX_SERVER_TMPDIR failed
5000000, 2, 1 4.429436
vsetenv PMIX_SERVER_TMPDIR failed
vsetenv PMIX_SERVER_TMPDIR failed
5000000, 2, 1 4.452899
vsetenv PMIX_SERVER_TMPDIR failed
vsetenv PMIX_SERVER_TMPDIR failed
5000000, 2, 1 4.424359
vsetenv PMIX_SERVER_TMPDIR failed
vsetenv PMIX_SERVER_TMPDIR failed
5000000, 2, 1 4.439624
vsetenv PMIX_SERVER_TMPDIR failed
vsetenv PMIX_SERVER_TMPDIR failed
5000000, 2, 1 4.332866
vsetenv PMIX_SERVER_TMPDIR failed
vsetenv PMIX_SERVER_TMPDIR failed
5000000, 2, 1 4.327808
vsetenv PMIX_SERVER_TMPDIR failed
vsetenv PMIX_SERVER_TMPDIR failed
5000000, 2, 1 4.476259
vsetenv PMIX_SERVER_TMPDIR failed
vsetenv PMIX_SERVER_TMPDIR failed
5000000, 2, 1 4.448921
vsetenv PMIX_SERVER_TMPDIR failed
vsetenv PMIX_SERVER_TMPDIR failed
5000000, 2, 1 4.457049
vsetenv PMIX_SERVER_TMPDIR failed
vsetenv PMIX_SERVER_TMPDIR failed
5000000, 2, 1 4.462459
vsetenv PMIX_SERVER_TMPDIR failed
vsetenv PMIX_SERVER_TMPDIR failed
5000000, 2, 1 4.447773
vsetenv PMIX_SERVER_TMPDIR failed
vsetenv PMIX_SERVER_TMPDIR failed
5000000, 2, 1 4.443783
vsetenv PMIX_SERVER_TMPDIR failed
vsetenv PMIX_SERVER_TMPDIR failed
6000000, 2, 1 5.451354
vsetenv PMIX_SERVER_TMPDIR failed
vsetenv PMIX_SERVER_TMPDIR failed
6000000, 2, 1 5.338614
vsetenv PMIX_SERVER_TMPDIR failed
vsetenv PMIX_SERVER_TMPDIR failed
6000000, 2, 1 5.452252
vsetenv PMIX_SERVER_TMPDIR failed
vsetenv PMIX_SERVER_TMPDIR failed
6000000, 2, 1 5.462841
vsetenv PMIX_SERVER_TMPDIR failed
vsetenv PMIX_SERVER_TMPDIR failed
6000000, 2, 1 7.358322
vsetenv PMIX_SERVER_TMPDIR failed
vsetenv PMIX_SERVER_TMPDIR failed
6000000, 2, 1 7.368745
vsetenv PMIX_SERVER_TMPDIR failed
vsetenv PMIX_SERVER_TMPDIR failed
6000000, 2, 1 7.326196
vsetenv PMIX_SERVER_TMPDIR failed
vsetenv PMIX_SERVER_TMPDIR failed
6000000, 2, 1 7.317033
vsetenv PMIX_SERVER_TMPDIR failed
vsetenv PMIX_SERVER_TMPDIR failed
6000000, 2, 1 7.103914
vsetenv PMIX_SERVER_TMPDIR failed
vsetenv PMIX_SERVER_TMPDIR failed
6000000, 2, 1 5.402819
vsetenv PMIX_SERVER_TMPDIR failed
vsetenv PMIX_SERVER_TMPDIR failed
6000000, 2, 1 5.353211
vsetenv PMIX_SERVER_TMPDIR failed
vsetenv PMIX_SERVER_TMPDIR failed
6000000, 2, 1 5.473273
vsetenv PMIX_SERVER_TMPDIR failed
vsetenv PMIX_SERVER_TMPDIR failed
6000000, 2, 1 5.455097
vsetenv PMIX_SERVER_TMPDIR failed
vsetenv PMIX_SERVER_TMPDIR failed
6000000, 2, 1 5.497659
vsetenv PMIX_SERVER_TMPDIR failed
vsetenv PMIX_SERVER_TMPDIR failed
6000000, 2, 1 5.452419
vsetenv PMIX_SERVER_TMPDIR failed
vsetenv PMIX_SERVER_TMPDIR failed
6000000, 2, 1 5.476576
vsetenv PMIX_SERVER_TMPDIR failed
vsetenv PMIX_SERVER_TMPDIR failed
6000000, 2, 1 5.453666
vsetenv PMIX_SERVER_TMPDIR failed
vsetenv PMIX_SERVER_TMPDIR failed
6000000, 2, 1 5.464775
vsetenv PMIX_SERVER_TMPDIR failed
vsetenv PMIX_SERVER_TMPDIR failed
6000000, 2, 1 5.344868
vsetenv PMIX_SERVER_TMPDIR failed
vsetenv PMIX_SERVER_TMPDIR failed
6000000, 2, 1 5.379814
vsetenv PMIX_SERVER_TMPDIR failed
vsetenv PMIX_SERVER_TMPDIR failed
7000000, 2, 1 6.263709
vsetenv PMIX_SERVER_TMPDIR failed
vsetenv PMIX_SERVER_TMPDIR failed
7000000, 2, 1 6.218880
vsetenv PMIX_SERVER_TMPDIR failed
vsetenv PMIX_SERVER_TMPDIR failed
7000000, 2, 1 8.361621
vsetenv PMIX_SERVER_TMPDIR failed
vsetenv PMIX_SERVER_TMPDIR failed
7000000, 2, 1 6.495465
vsetenv PMIX_SERVER_TMPDIR failed
vsetenv PMIX_SERVER_TMPDIR failed
7000000, 2, 1 6.220597
vsetenv PMIX_SERVER_TMPDIR failed
vsetenv PMIX_SERVER_TMPDIR failed
7000000, 2, 1 6.240465
vsetenv PMIX_SERVER_TMPDIR failed
vsetenv PMIX_SERVER_TMPDIR failed
7000000, 2, 1 6.100185
vsetenv PMIX_SERVER_TMPDIR failed
vsetenv PMIX_SERVER_TMPDIR failed
7000000, 2, 1 6.138567
vsetenv PMIX_SERVER_TMPDIR failed
vsetenv PMIX_SERVER_TMPDIR failed
7000000, 2, 1 6.272991
vsetenv PMIX_SERVER_TMPDIR failed
vsetenv PMIX_SERVER_TMPDIR failed
7000000, 2, 1 6.285644
vsetenv PMIX_SERVER_TMPDIR failed
vsetenv PMIX_SERVER_TMPDIR failed
7000000, 2, 1 6.396681
vsetenv PMIX_SERVER_TMPDIR failed
vsetenv PMIX_SERVER_TMPDIR failed
7000000, 2, 1 8.415302
vsetenv PMIX_SERVER_TMPDIR failed
vsetenv PMIX_SERVER_TMPDIR failed
7000000, 2, 1 6.230958
vsetenv PMIX_SERVER_TMPDIR failed
vsetenv PMIX_SERVER_TMPDIR failed
7000000, 2, 1 6.222837
vsetenv PMIX_SERVER_TMPDIR failed
vsetenv PMIX_SERVER_TMPDIR failed
7000000, 2, 1 6.244002
vsetenv PMIX_SERVER_TMPDIR failed
vsetenv PMIX_SERVER_TMPDIR failed
7000000, 2, 1 6.125163
vsetenv PMIX_SERVER_TMPDIR failed
vsetenv PMIX_SERVER_TMPDIR failed
7000000, 2, 1 6.149223
vsetenv PMIX_SERVER_TMPDIR failed
vsetenv PMIX_SERVER_TMPDIR failed
7000000, 2, 1 6.290138
vsetenv PMIX_SERVER_TMPDIR failed
vsetenv PMIX_SERVER_TMPDIR failed
7000000, 2, 1 8.666448
vsetenv PMIX_SERVER_TMPDIR failed
vsetenv PMIX_SERVER_TMPDIR failed
7000000, 2, 1 9.936467
vsetenv PMIX_SERVER_TMPDIR failed
vsetenv PMIX_SERVER_TMPDIR failed
8000000, 2, 1 9.600480
vsetenv PMIX_SERVER_TMPDIR failed
vsetenv PMIX_SERVER_TMPDIR failed
8000000, 2, 1 9.612694
vsetenv PMIX_SERVER_TMPDIR failed
vsetenv PMIX_SERVER_TMPDIR failed
8000000, 2, 1 9.657846
vsetenv PMIX_SERVER_TMPDIR failed
vsetenv PMIX_SERVER_TMPDIR failed
8000000, 2, 1 9.779489
vsetenv PMIX_SERVER_TMPDIR failed
vsetenv PMIX_SERVER_TMPDIR failed
8000000, 2, 1 9.404194
vsetenv PMIX_SERVER_TMPDIR failed
vsetenv PMIX_SERVER_TMPDIR failed
8000000, 2, 1 11.673141
vsetenv PMIX_SERVER_TMPDIR failed
vsetenv PMIX_SERVER_TMPDIR failed
8000000, 2, 1 9.633035
vsetenv PMIX_SERVER_TMPDIR failed
vsetenv PMIX_SERVER_TMPDIR failed
8000000, 2, 1 9.650475
vsetenv PMIX_SERVER_TMPDIR failed
vsetenv PMIX_SERVER_TMPDIR failed
8000000, 2, 1 7.241751
vsetenv PMIX_SERVER_TMPDIR failed
vsetenv PMIX_SERVER_TMPDIR failed
8000000, 2, 1 7.253232
vsetenv PMIX_SERVER_TMPDIR failed
vsetenv PMIX_SERVER_TMPDIR failed
8000000, 2, 1 7.217955
vsetenv PMIX_SERVER_TMPDIR failed
vsetenv PMIX_SERVER_TMPDIR failed
8000000, 2, 1 7.201003
vsetenv PMIX_SERVER_TMPDIR failed
vsetenv PMIX_SERVER_TMPDIR failed
8000000, 2, 1 7.107751
vsetenv PMIX_SERVER_TMPDIR failed
vsetenv PMIX_SERVER_TMPDIR failed
8000000, 2, 1 7.077410
vsetenv PMIX_SERVER_TMPDIR failed
vsetenv PMIX_SERVER_TMPDIR failed
8000000, 2, 1 7.232863
vsetenv PMIX_SERVER_TMPDIR failed
vsetenv PMIX_SERVER_TMPDIR failed
8000000, 2, 1 7.220292
vsetenv PMIX_SERVER_TMPDIR failed
vsetenv PMIX_SERVER_TMPDIR failed
8000000, 2, 1 7.302820
vsetenv PMIX_SERVER_TMPDIR failed
vsetenv PMIX_SERVER_TMPDIR failed
8000000, 2, 1 7.247748
vsetenv PMIX_SERVER_TMPDIR failed
vsetenv PMIX_SERVER_TMPDIR failed
8000000, 2, 1 7.259457
vsetenv PMIX_SERVER_TMPDIR failed
vsetenv PMIX_SERVER_TMPDIR failed
8000000, 2, 1 7.209147
vsetenv PMIX_SERVER_TMPDIR failed
vsetenv PMIX_SERVER_TMPDIR failed
9000000, 2, 1 8.226988
vsetenv PMIX_SERVER_TMPDIR failed
vsetenv PMIX_SERVER_TMPDIR failed
9000000, 2, 1 8.016915
vsetenv PMIX_SERVER_TMPDIR failed
vsetenv PMIX_SERVER_TMPDIR failed
9000000, 2, 1 8.159166
vsetenv PMIX_SERVER_TMPDIR failed
vsetenv PMIX_SERVER_TMPDIR failed
9000000, 2, 1 8.228426
vsetenv PMIX_SERVER_TMPDIR failed
vsetenv PMIX_SERVER_TMPDIR failed
9000000, 2, 1 8.233398
vsetenv PMIX_SERVER_TMPDIR failed
vsetenv PMIX_SERVER_TMPDIR failed
9000000, 2, 1 8.200226
vsetenv PMIX_SERVER_TMPDIR failed
vsetenv PMIX_SERVER_TMPDIR failed
9000000, 2, 1 8.494333
vsetenv PMIX_SERVER_TMPDIR failed
vsetenv PMIX_SERVER_TMPDIR failed
9000000, 2, 1 8.226449
vsetenv PMIX_SERVER_TMPDIR failed
vsetenv PMIX_SERVER_TMPDIR failed
9000000, 2, 1 8.210718
vsetenv PMIX_SERVER_TMPDIR failed
vsetenv PMIX_SERVER_TMPDIR failed
9000000, 2, 1 8.106859
vsetenv PMIX_SERVER_TMPDIR failed
vsetenv PMIX_SERVER_TMPDIR failed
9000000, 2, 1 8.054968
vsetenv PMIX_SERVER_TMPDIR failed
vsetenv PMIX_SERVER_TMPDIR failed
9000000, 2, 1 8.288469
vsetenv PMIX_SERVER_TMPDIR failed
vsetenv PMIX_SERVER_TMPDIR failed
9000000, 2, 1 8.240741
vsetenv PMIX_SERVER_TMPDIR failed
vsetenv PMIX_SERVER_TMPDIR failed
9000000, 2, 1 8.225609
vsetenv PMIX_SERVER_TMPDIR failed
vsetenv PMIX_SERVER_TMPDIR failed
9000000, 2, 1 8.226769
vsetenv PMIX_SERVER_TMPDIR failed
vsetenv PMIX_SERVER_TMPDIR failed
9000000, 2, 1 8.244847
vsetenv PMIX_SERVER_TMPDIR failed
vsetenv PMIX_SERVER_TMPDIR failed
9000000, 2, 1 8.235164
vsetenv PMIX_SERVER_TMPDIR failed
vsetenv PMIX_SERVER_TMPDIR failed
9000000, 2, 1 8.194263
vsetenv PMIX_SERVER_TMPDIR failed
vsetenv PMIX_SERVER_TMPDIR failed
9000000, 2, 1 8.089677
vsetenv PMIX_SERVER_TMPDIR failed
vsetenv PMIX_SERVER_TMPDIR failed
9000000, 2, 1 8.241815
vsetenv PMIX_SERVER_TMPDIR failed
vsetenv PMIX_SERVER_TMPDIR failed
10000000, 2, 1 9.310505
vsetenv PMIX_SERVER_TMPDIR failed
vsetenv PMIX_SERVER_TMPDIR failed
10000000, 2, 1 9.569423
vsetenv PMIX_SERVER_TMPDIR failed
vsetenv PMIX_SERVER_TMPDIR failed
10000000, 2, 1 9.304594
vsetenv PMIX_SERVER_TMPDIR failed
vsetenv PMIX_SERVER_TMPDIR failed
10000000, 2, 1 9.294896
vsetenv PMIX_SERVER_TMPDIR failed
vsetenv PMIX_SERVER_TMPDIR failed
10000000, 2, 1 9.278724
vsetenv PMIX_SERVER_TMPDIR failed
vsetenv PMIX_SERVER_TMPDIR failed
10000000, 2, 1 9.254832
vsetenv PMIX_SERVER_TMPDIR failed
vsetenv PMIX_SERVER_TMPDIR failed
10000000, 2, 1 9.117862
vsetenv PMIX_SERVER_TMPDIR failed
vsetenv PMIX_SERVER_TMPDIR failed
10000000, 2, 1 9.294712
vsetenv PMIX_SERVER_TMPDIR failed
vsetenv PMIX_SERVER_TMPDIR failed
10000000, 2, 1 9.292236
vsetenv PMIX_SERVER_TMPDIR failed
vsetenv PMIX_SERVER_TMPDIR failed
10000000, 2, 1 9.339868
vsetenv PMIX_SERVER_TMPDIR failed
vsetenv PMIX_SERVER_TMPDIR failed
10000000, 2, 1 9.305807
vsetenv PMIX_SERVER_TMPDIR failed
vsetenv PMIX_SERVER_TMPDIR failed
10000000, 2, 1 9.340477
vsetenv PMIX_SERVER_TMPDIR failed
vsetenv PMIX_SERVER_TMPDIR failed
10000000, 2, 1 9.221884
vsetenv PMIX_SERVER_TMPDIR failed
vsetenv PMIX_SERVER_TMPDIR failed
10000000, 2, 1 9.307270
vsetenv PMIX_SERVER_TMPDIR failed
vsetenv PMIX_SERVER_TMPDIR failed
10000000, 2, 1 9.083471
vsetenv PMIX_SERVER_TMPDIR failed
vsetenv PMIX_SERVER_TMPDIR failed
10000000, 2, 1 9.112211
vsetenv PMIX_SERVER_TMPDIR failed
vsetenv PMIX_SERVER_TMPDIR failed
10000000, 2, 1 9.304449
vsetenv PMIX_SERVER_TMPDIR failed
vsetenv PMIX_SERVER_TMPDIR failed
10000000, 2, 1 9.332109
vsetenv PMIX_SERVER_TMPDIR failed
vsetenv PMIX_SERVER_TMPDIR failed
10000000, 2, 1 11.090769
vsetenv PMIX_SERVER_TMPDIR failed
vsetenv PMIX_SERVER_TMPDIR failed
10000000, 2, 1 11.049384
vsetenv PMIX_SERVER_TMPDIR failed
vsetenv PMIX_SERVER_TMPDIR failed
1000, 2, 1 0.237878
vsetenv PMIX_SERVER_TMPDIR failed
vsetenv PMIX_SERVER_TMPDIR failed
1000, 2, 1 0.324129
vsetenv PMIX_SERVER_TMPDIR failed
vsetenv PMIX_SERVER_TMPDIR failed
1000, 2, 1 0.264442
vsetenv PMIX_SERVER_TMPDIR failed
vsetenv PMIX_SERVER_TMPDIR failed
1000, 2, 1 0.283870
vsetenv PMIX_SERVER_TMPDIR failed
vsetenv PMIX_SERVER_TMPDIR failed
1000, 2, 1 0.315192
vsetenv PMIX_SERVER_TMPDIR failed
vsetenv PMIX_SERVER_TMPDIR failed
1000, 2, 1 0.341466
vsetenv PMIX_SERVER_TMPDIR failed
vsetenv PMIX_SERVER_TMPDIR failed
1000, 2, 1 0.266051
vsetenv PMIX_SERVER_TMPDIR failed
vsetenv PMIX_SERVER_TMPDIR failed
1000, 2, 1 0.223205
vsetenv PMIX_SERVER_TMPDIR failed
vsetenv PMIX_SERVER_TMPDIR failed
1000, 2, 1 0.320411
vsetenv PMIX_SERVER_TMPDIR failed
vsetenv PMIX_SERVER_TMPDIR failed
1000, 2, 1 0.258091
vsetenv PMIX_SERVER_TMPDIR failed
vsetenv PMIX_SERVER_TMPDIR failed
1000, 2, 1 0.285393
vsetenv PMIX_SERVER_TMPDIR failed
vsetenv PMIX_SERVER_TMPDIR failed
1000, 2, 1 0.264384
vsetenv PMIX_SERVER_TMPDIR failed
vsetenv PMIX_SERVER_TMPDIR failed
1000, 2, 1 0.298108
vsetenv PMIX_SERVER_TMPDIR failed
vsetenv PMIX_SERVER_TMPDIR failed
1000, 2, 1 0.248463
vsetenv PMIX_SERVER_TMPDIR failed
vsetenv PMIX_SERVER_TMPDIR failed
1000, 2, 1 0.309490
vsetenv PMIX_SERVER_TMPDIR failed
vsetenv PMIX_SERVER_TMPDIR failed
1000, 2, 1 0.340547
vsetenv PMIX_SERVER_TMPDIR failed
vsetenv PMIX_SERVER_TMPDIR failed
1000, 2, 1 0.267474
vsetenv PMIX_SERVER_TMPDIR failed
vsetenv PMIX_SERVER_TMPDIR failed
1000, 2, 1 0.313072
vsetenv PMIX_SERVER_TMPDIR failed
vsetenv PMIX_SERVER_TMPDIR failed
1000, 2, 1 0.305975
vsetenv PMIX_SERVER_TMPDIR failed
vsetenv PMIX_SERVER_TMPDIR failed
1000, 2, 1 0.288873
vsetenv PMIX_SERVER_TMPDIR failed
vsetenv PMIX_SERVER_TMPDIR failed
10000, 2, 1 0.387180
vsetenv PMIX_SERVER_TMPDIR failed
vsetenv PMIX_SERVER_TMPDIR failed
10000, 2, 1 0.237901
vsetenv PMIX_SERVER_TMPDIR failed
vsetenv PMIX_SERVER_TMPDIR failed
10000, 2, 1 0.389239
vsetenv PMIX_SERVER_TMPDIR failed
vsetenv PMIX_SERVER_TMPDIR failed
10000, 2, 1 0.301729
vsetenv PMIX_SERVER_TMPDIR failed
vsetenv PMIX_SERVER_TMPDIR failed
10000, 2, 1 0.346621
vsetenv PMIX_SERVER_TMPDIR failed
vsetenv PMIX_SERVER_TMPDIR failed
10000, 2, 1 0.297971
vsetenv PMIX_SERVER_TMPDIR failed
vsetenv PMIX_SERVER_TMPDIR failed
10000, 2, 1 0.285974
vsetenv PMIX_SERVER_TMPDIR failed
vsetenv PMIX_SERVER_TMPDIR failed
10000, 2, 1 0.355985
vsetenv PMIX_SERVER_TMPDIR failed
vsetenv PMIX_SERVER_TMPDIR failed
10000, 2, 1 0.258946
vsetenv PMIX_SERVER_TMPDIR failed
vsetenv PMIX_SERVER_TMPDIR failed
10000, 2, 1 0.346287
vsetenv PMIX_SERVER_TMPDIR failed
vsetenv PMIX_SERVER_TMPDIR failed
10000, 2, 1 0.283125
vsetenv PMIX_SERVER_TMPDIR failed
vsetenv PMIX_SERVER_TMPDIR failed
10000, 2, 1 0.363958
vsetenv PMIX_SERVER_TMPDIR failed
vsetenv PMIX_SERVER_TMPDIR failed
10000, 2, 1 0.296822
vsetenv PMIX_SERVER_TMPDIR failed
vsetenv PMIX_SERVER_TMPDIR failed
10000, 2, 1 0.328113
vsetenv PMIX_SERVER_TMPDIR failed
vsetenv PMIX_SERVER_TMPDIR failed
10000, 2, 1 0.294960
vsetenv PMIX_SERVER_TMPDIR failed
vsetenv PMIX_SERVER_TMPDIR failed
10000, 2, 1 0.308456
vsetenv PMIX_SERVER_TMPDIR failed
vsetenv PMIX_SERVER_TMPDIR failed
10000, 2, 1 0.360383
vsetenv PMIX_SERVER_TMPDIR failed
vsetenv PMIX_SERVER_TMPDIR failed
10000, 2, 1 0.262103
vsetenv PMIX_SERVER_TMPDIR failed
vsetenv PMIX_SERVER_TMPDIR failed
10000, 2, 1 0.344599
vsetenv PMIX_SERVER_TMPDIR failed
vsetenv PMIX_SERVER_TMPDIR failed
10000, 2, 1 0.308910
vsetenv PMIX_SERVER_TMPDIR failed
vsetenv PMIX_SERVER_TMPDIR failed
100000, 2, 1 0.413024
vsetenv PMIX_SERVER_TMPDIR failed
vsetenv PMIX_SERVER_TMPDIR failed
100000, 2, 1 0.362252
vsetenv PMIX_SERVER_TMPDIR failed
vsetenv PMIX_SERVER_TMPDIR failed
100000, 2, 1 0.312491
vsetenv PMIX_SERVER_TMPDIR failed
vsetenv PMIX_SERVER_TMPDIR failed
100000, 2, 1 0.337218
vsetenv PMIX_SERVER_TMPDIR failed
vsetenv PMIX_SERVER_TMPDIR failed
100000, 2, 1 0.257094
vsetenv PMIX_SERVER_TMPDIR failed
vsetenv PMIX_SERVER_TMPDIR failed
100000, 2, 1 0.404143
vsetenv PMIX_SERVER_TMPDIR failed
vsetenv PMIX_SERVER_TMPDIR failed
100000, 2, 1 0.263862
vsetenv PMIX_SERVER_TMPDIR failed
vsetenv PMIX_SERVER_TMPDIR failed
100000, 2, 1 0.361780
vsetenv PMIX_SERVER_TMPDIR failed
vsetenv PMIX_SERVER_TMPDIR failed
100000, 2, 1 0.312216
vsetenv PMIX_SERVER_TMPDIR failed
vsetenv PMIX_SERVER_TMPDIR failed
100000, 2, 1 0.345951
vsetenv PMIX_SERVER_TMPDIR failed
vsetenv PMIX_SERVER_TMPDIR failed
100000, 2, 1 0.333413
vsetenv PMIX_SERVER_TMPDIR failed
vsetenv PMIX_SERVER_TMPDIR failed
100000, 2, 1 0.373535
vsetenv PMIX_SERVER_TMPDIR failed
vsetenv PMIX_SERVER_TMPDIR failed
100000, 2, 1 0.356784
vsetenv PMIX_SERVER_TMPDIR failed
vsetenv PMIX_SERVER_TMPDIR failed
100000, 2, 1 0.409078
vsetenv PMIX_SERVER_TMPDIR failed
vsetenv PMIX_SERVER_TMPDIR failed
100000, 2, 1 0.338597
vsetenv PMIX_SERVER_TMPDIR failed
vsetenv PMIX_SERVER_TMPDIR failed
100000, 2, 1 0.362298
vsetenv PMIX_SERVER_TMPDIR failed
vsetenv PMIX_SERVER_TMPDIR failed
100000, 2, 1 0.304391
vsetenv PMIX_SERVER_TMPDIR failed
vsetenv PMIX_SERVER_TMPDIR failed
100000, 2, 1 0.377777
vsetenv PMIX_SERVER_TMPDIR failed
vsetenv PMIX_SERVER_TMPDIR failed
100000, 2, 1 0.310764
vsetenv PMIX_SERVER_TMPDIR failed
vsetenv PMIX_SERVER_TMPDIR failed
100000, 2, 1 0.372540
vsetenv PMIX_SERVER_TMPDIR failed
vsetenv PMIX_SERVER_TMPDIR failed
1000000, 2, 1 1.119473
vsetenv PMIX_SERVER_TMPDIR failed
vsetenv PMIX_SERVER_TMPDIR failed
1000000, 2, 1 1.314652
vsetenv PMIX_SERVER_TMPDIR failed
vsetenv PMIX_SERVER_TMPDIR failed
1000000, 2, 1 1.383025
vsetenv PMIX_SERVER_TMPDIR failed
vsetenv PMIX_SERVER_TMPDIR failed
1000000, 2, 1 0.994479
vsetenv PMIX_SERVER_TMPDIR failed
vsetenv PMIX_SERVER_TMPDIR failed
1000000, 2, 1 1.550420
vsetenv PMIX_SERVER_TMPDIR failed
vsetenv PMIX_SERVER_TMPDIR failed
1000000, 2, 1 1.316532
vsetenv PMIX_SERVER_TMPDIR failed
vsetenv PMIX_SERVER_TMPDIR failed
1000000, 2, 1 1.014045
vsetenv PMIX_SERVER_TMPDIR failed
vsetenv PMIX_SERVER_TMPDIR failed
1000000, 2, 1 1.319259
vsetenv PMIX_SERVER_TMPDIR failed
vsetenv PMIX_SERVER_TMPDIR failed
1000000, 2, 1 1.295429
vsetenv PMIX_SERVER_TMPDIR failed
vsetenv PMIX_SERVER_TMPDIR failed
1000000, 2, 1 1.069921
vsetenv PMIX_SERVER_TMPDIR failed
vsetenv PMIX_SERVER_TMPDIR failed
1000000, 2, 1 1.375218
vsetenv PMIX_SERVER_TMPDIR failed
vsetenv PMIX_SERVER_TMPDIR failed
1000000, 2, 1 1.396850
vsetenv PMIX_SERVER_TMPDIR failed
vsetenv PMIX_SERVER_TMPDIR failed
1000000, 2, 1 1.096576
vsetenv PMIX_SERVER_TMPDIR failed
vsetenv PMIX_SERVER_TMPDIR failed
1000000, 2, 1 1.369086
vsetenv PMIX_SERVER_TMPDIR failed
vsetenv PMIX_SERVER_TMPDIR failed
1000000, 2, 1 1.344230
vsetenv PMIX_SERVER_TMPDIR failed
vsetenv PMIX_SERVER_TMPDIR failed
1000000, 2, 1 1.033476
vsetenv PMIX_SERVER_TMPDIR failed
vsetenv PMIX_SERVER_TMPDIR failed
1000000, 2, 1 1.345926
vsetenv PMIX_SERVER_TMPDIR failed
vsetenv PMIX_SERVER_TMPDIR failed
1000000, 2, 1 1.325332
vsetenv PMIX_SERVER_TMPDIR failed
vsetenv PMIX_SERVER_TMPDIR failed
1000000, 2, 1 1.073389
vsetenv PMIX_SERVER_TMPDIR failed
vsetenv PMIX_SERVER_TMPDIR failed
1000000, 2, 1 1.346504
vsetenv PMIX_SERVER_TMPDIR failed
vsetenv PMIX_SERVER_TMPDIR failed
10000000, 2, 1 11.458973
vsetenv PMIX_SERVER_TMPDIR failed
vsetenv PMIX_SERVER_TMPDIR failed
10000000, 2, 1 11.939544
vsetenv PMIX_SERVER_TMPDIR failed
vsetenv PMIX_SERVER_TMPDIR failed
10000000, 2, 1 11.759316
vsetenv PMIX_SERVER_TMPDIR failed
vsetenv PMIX_SERVER_TMPDIR failed
10000000, 2, 1 11.588751
vsetenv PMIX_SERVER_TMPDIR failed
vsetenv PMIX_SERVER_TMPDIR failed
10000000, 2, 1 11.874929
vsetenv PMIX_SERVER_TMPDIR failed
vsetenv PMIX_SERVER_TMPDIR failed
10000000, 2, 1 11.618389
vsetenv PMIX_SERVER_TMPDIR failed
vsetenv PMIX_SERVER_TMPDIR failed
10000000, 2, 1 11.359503
vsetenv PMIX_SERVER_TMPDIR failed
vsetenv PMIX_SERVER_TMPDIR failed
10000000, 2, 1 12.190627
vsetenv PMIX_SERVER_TMPDIR failed
vsetenv PMIX_SERVER_TMPDIR failed
10000000, 2, 1 11.952428
vsetenv PMIX_SERVER_TMPDIR failed
vsetenv PMIX_SERVER_TMPDIR failed
10000000, 2, 1 11.748569
vsetenv PMIX_SERVER_TMPDIR failed
vsetenv PMIX_SERVER_TMPDIR failed
10000000, 2, 1 11.745119
vsetenv PMIX_SERVER_TMPDIR failed
vsetenv PMIX_SERVER_TMPDIR failed
10000000, 2, 1 11.624686
vsetenv PMIX_SERVER_TMPDIR failed
vsetenv PMIX_SERVER_TMPDIR failed
10000000, 2, 1 11.582763
vsetenv PMIX_SERVER_TMPDIR failed
vsetenv PMIX_SERVER_TMPDIR failed
10000000, 2, 1 11.569194
vsetenv PMIX_SERVER_TMPDIR failed
vsetenv PMIX_SERVER_TMPDIR failed
10000000, 2, 1 11.589840
vsetenv PMIX_SERVER_TMPDIR failed
vsetenv PMIX_SERVER_TMPDIR failed
10000000, 2, 1 11.421997
vsetenv PMIX_SERVER_TMPDIR failed
vsetenv PMIX_SERVER_TMPDIR failed
10000000, 2, 1 11.540108
vsetenv PMIX_SERVER_TMPDIR failed
vsetenv PMIX_SERVER_TMPDIR failed
10000000, 2, 1 12.163639
vsetenv PMIX_SERVER_TMPDIR failed
vsetenv PMIX_SERVER_TMPDIR failed
10000000, 2, 1 12.217199
vsetenv PMIX_SERVER_TMPDIR failed
vsetenv PMIX_SERVER_TMPDIR failed
10000000, 2, 1 12.046946
vsetenv PMIX_SERVER_TMPDIR failed
vsetenv PMIX_SERVER_TMPDIR failed
100000000, 2, 1 149.213800
vsetenv PMIX_SERVER_TMPDIR failed
vsetenv PMIX_SERVER_TMPDIR failed
100000000, 2, 1 130.496324
vsetenv PMIX_SERVER_TMPDIR failed
vsetenv PMIX_SERVER_TMPDIR failed
100000000, 2, 1 143.736279
vsetenv PMIX_SERVER_TMPDIR failed
vsetenv PMIX_SERVER_TMPDIR failed
100000000, 2, 1 137.270541
vsetenv PMIX_SERVER_TMPDIR failed
vsetenv PMIX_SERVER_TMPDIR failed
slurmstepd: error: *** JOB 135855 ON srvcnthpc600 CANCELLED AT 2019-05-29T21:14:19 DUE TO TIME LIMIT ***
